
okt. 28, 2020 21:29:51.05 NEW SESSION
okt. 28, 2020 21:29:51.05 Can't find symbol 'eglSwapBuffersWithDamageEXT'.
okt. 28, 2020 21:44:22.01 
okt. 28, 2020 21:44:22.01 ###!!! [Child][RunMessage] Error: Channel closing: too late to send/recv, messages will be lost
okt. 28, 2020 21:44:22.01 
okt. 28, 2020 21:44:22.05 
okt. 28, 2020 21:44:22.05 ###!!! [Child][MessageChannel::SendAndWait] Error: Channel error: cannot send/recv
okt. 28, 2020 21:44:22.05 
okt. 28, 2020 21:46:00.96 Can't find symbol 'eglSwapBuffersWithDamageEXT'.
okt. 28, 2020 21:48:40.63 
okt. 28, 2020 21:48:40.63 ###!!! [Child][MessageChannel::SendAndWait] Error: Channel error: cannot send/recv
okt. 28, 2020 21:48:40.63 
okt. 28, 2020 21:51:27.06 Can't find symbol 'eglSwapBuffersWithDamageEXT'.
okt. 28, 2020 21:51:33.98 
okt. 28, 2020 21:51:33.98 ###!!! [Child][MessageChannel::SendAndWait] Error: Channel error: cannot send/recv
okt. 28, 2020 21:51:33.99 
okt. 28, 2020 21:51:55.25 Can't find symbol 'eglSwapBuffersWithDamageEXT'.
okt. 28, 2020 21:53:10.26 
okt. 28, 2020 21:53:10.26 ###!!! [Child][RunMessage] Error: Channel closing: too late to send/recv, messages will be lost
okt. 28, 2020 21:53:10.26 
okt. 28, 2020 21:53:10.31 
okt. 28, 2020 21:53:10.31 ###!!! [Child][MessageChannel::SendAndWait] Error: Channel error: cannot send/recv
okt. 28, 2020 21:53:10.31 
okt. 28, 2020 21:53:31.29 Can't find symbol 'eglSwapBuffersWithDamageEXT'.
okt. 28, 2020 21:53:43.76 
okt. 28, 2020 21:53:43.76 ###!!! [Child][MessageChannel::SendAndWait] Error: Channel error: cannot send/recv
okt. 28, 2020 21:53:43.76 
okt. 28, 2020 21:53:59.20 Can't find symbol 'eglSwapBuffersWithDamageEXT'.
okt. 28, 2020 21:54:08.97 
okt. 28, 2020 21:54:08.98 ###!!! [Child][MessageChannel::SendAndWait] Error: Channel error: cannot send/recv
okt. 28, 2020 21:54:08.98 
okt. 28, 2020 21:54:14.75 Can't find symbol 'eglSwapBuffersWithDamageEXT'.
okt. 28, 2020 21:54:22.78 
okt. 28, 2020 21:54:22.78 ###!!! [Child][RunMessage] Error: Channel closing: too late to send/recv, messages will be lost
okt. 28, 2020 21:54:22.78 
okt. 28, 2020 21:54:22.83 
okt. 28, 2020 21:54:22.83 ###!!! [Child][MessageChannel::SendAndWait] Error: Channel error: cannot send/recv
okt. 28, 2020 21:54:22.83 
okt. 28, 2020 22:14:34.33 Can't find symbol 'eglSwapBuffersWithDamageEXT'.
okt. 28, 2020 22:14:40.00 
okt. 28, 2020 22:14:40.00 ###!!! [Child][RunMessage] Error: Channel closing: too late to send/recv, messages will be lost
okt. 28, 2020 22:14:40.00 
okt. 28, 2020 22:14:40.05 
okt. 28, 2020 22:14:40.05 ###!!! [Child][MessageChannel::SendAndWait] Error: Channel error: cannot send/recv
okt. 28, 2020 22:14:40.05 
okt. 28, 2020 22:14:43.00 Can't find symbol 'eglSwapBuffersWithDamageEXT'.
okt. 28, 2020 22:14:46.90 
okt. 28, 2020 22:14:46.90 ###!!! [Child][RunMessage] Error: Channel closing: too late to send/recv, messages will be lost
okt. 28, 2020 22:14:46.90 
okt. 28, 2020 22:14:46.95 
okt. 28, 2020 22:14:46.95 ###!!! [Child][MessageChannel::SendAndWait] Error: Channel error: cannot send/recv
okt. 28, 2020 22:14:46.95 

okt. 28, 2020 22:17:29.37 NEW SESSION
okt. 28, 2020 22:17:29.38 Can't find symbol 'eglSwapBuffersWithDamageEXT'.
okt. 28, 2020 22:17:35.44 
okt. 28, 2020 22:17:35.44 ###!!! [Child][RunMessage] Error: Channel closing: too late to send/recv, messages will be lost
okt. 28, 2020 22:17:35.44 
okt. 28, 2020 22:17:35.49 
okt. 28, 2020 22:17:35.49 ###!!! [Child][MessageChannel::SendAndWait] Error: Channel error: cannot send/recv
okt. 28, 2020 22:17:35.49 
okt. 28, 2020 22:39:42.56 Can't find symbol 'eglSwapBuffersWithDamageEXT'.
okt. 28, 2020 22:39:45.90 
okt. 28, 2020 22:39:45.90 ###!!! [Child][RunMessage] Error: Channel closing: too late to send/recv, messages will be lost
okt. 28, 2020 22:39:45.90 
okt. 28, 2020 22:39:45.94 
okt. 28, 2020 22:39:45.94 ###!!! [Child][MessageChannel::SendAndWait] Error: Channel error: cannot send/recv
okt. 28, 2020 22:39:45.94 
okt. 28, 2020 22:40:01.78 Can't find symbol 'eglSwapBuffersWithDamageEXT'.
okt. 28, 2020 22:40:06.03 
okt. 28, 2020 22:40:06.03 ###!!! [Child][MessageChannel::SendAndWait] Error: Channel error: cannot send/recv
okt. 28, 2020 22:40:06.03 
okt. 28, 2020 23:34:16.34 Can't find symbol 'eglSwapBuffersWithDamageEXT'.
okt. 28, 2020 23:34:23.98 
okt. 28, 2020 23:34:23.98 ###!!! [Child][MessageChannel::SendAndWait] Error: Channel error: cannot send/recv
okt. 28, 2020 23:34:23.98 
okt. 28, 2020 23:35:39.22 Can't find symbol 'eglSwapBuffersWithDamageEXT'.
okt. 28, 2020 23:35:48.10 
okt. 28, 2020 23:35:48.10 ###!!! [Child][MessageChannel::SendAndWait] Error: Channel error: cannot send/recv
okt. 28, 2020 23:35:48.10 
okt. 28, 2020 23:39:56.07 Can't find symbol 'eglSwapBuffersWithDamageEXT'.
okt. 28, 2020 23:40:02.90 
okt. 28, 2020 23:40:02.90 ###!!! [Child][RunMessage] Error: Channel closing: too late to send/recv, messages will be lost
okt. 28, 2020 23:40:02.90 
okt. 28, 2020 23:40:02.94 
okt. 28, 2020 23:40:02.94 ###!!! [Child][MessageChannel::SendAndWait] Error: Channel error: cannot send/recv
okt. 28, 2020 23:40:02.94 
okt. 28, 2020 23:40:26.54 Can't find symbol 'eglSwapBuffersWithDamageEXT'.
okt. 28, 2020 23:40:30.18 
okt. 28, 2020 23:40:30.18 ###!!! [Child][MessageChannel::SendAndWait] Error: Channel error: cannot send/recv
okt. 28, 2020 23:40:30.18 
okt. 28, 2020 23:43:01.79 Can't find symbol 'eglSwapBuffersWithDamageEXT'.
okt. 28, 2020 23:44:05.76 
okt. 28, 2020 23:44:05.76 ###!!! [Child][RunMessage] Error: Channel closing: too late to send/recv, messages will be lost
okt. 28, 2020 23:44:05.76 
okt. 28, 2020 23:44:05.80 
okt. 28, 2020 23:44:05.80 ###!!! [Child][MessageChannel::SendAndWait] Error: Channel error: cannot send/recv
okt. 28, 2020 23:44:05.80 
okt. 28, 2020 23:48:27.92 Can't find symbol 'eglSwapBuffersWithDamageEXT'.
okt. 28, 2020 23:48:37.45 
okt. 28, 2020 23:48:37.45 ###!!! [Child][RunMessage] Error: Channel closing: too late to send/recv, messages will be lost
okt. 28, 2020 23:48:37.45 
okt. 28, 2020 23:48:37.49 
okt. 28, 2020 23:48:37.49 ###!!! [Child][MessageChannel::SendAndWait] Error: Channel error: cannot send/recv
okt. 28, 2020 23:48:37.49 
okt. 28, 2020 23:49:05.67 Can't find symbol 'eglSwapBuffersWithDamageEXT'.
okt. 28, 2020 23:50:05.01 
okt. 28, 2020 23:50:05.01 ###!!! [Child][MessageChannel::SendAndWait] Error: Channel error: cannot send/recv
okt. 28, 2020 23:50:05.01 
okt. 28, 2020 23:50:45.09 Can't find symbol 'eglSwapBuffersWithDamageEXT'.
okt. 28, 2020 23:50:52.45 
okt. 28, 2020 23:50:52.45 ###!!! [Child][MessageChannel::SendAndWait] Error: Channel error: cannot send/recv
okt. 28, 2020 23:50:52.45 
okt. 28, 2020 23:51:08.37 Can't find symbol 'eglSwapBuffersWithDamageEXT'.
okt. 28, 2020 23:51:10.95 
okt. 28, 2020 23:51:10.95 ###!!! [Child][RunMessage] Error: Channel closing: too late to send/recv, messages will be lost
okt. 28, 2020 23:51:10.95 
okt. 28, 2020 23:51:10.99 
okt. 28, 2020 23:51:10.99 ###!!! [Child][MessageChannel::SendAndWait] Error: Channel error: cannot send/recv
okt. 28, 2020 23:51:10.99 
okt. 28, 2020 23:51:22.63 Can't find symbol 'eglSwapBuffersWithDamageEXT'.
okt. 28, 2020 23:51:25.63 
okt. 28, 2020 23:51:25.63 ###!!! [Child][RunMessage] Error: Channel closing: too late to send/recv, messages will be lost
okt. 28, 2020 23:51:25.63 
okt. 28, 2020 23:51:25.67 
okt. 28, 2020 23:51:25.67 ###!!! [Child][MessageChannel::SendAndWait] Error: Channel error: cannot send/recv
okt. 28, 2020 23:51:25.67 
okt. 29, 2020 07:51:03.11 Can't find symbol 'eglSwapBuffersWithDamageEXT'.
okt. 29, 2020 07:51:06.31 
okt. 29, 2020 07:51:06.31 ###!!! [Child][MessageChannel::SendAndWait] Error: Channel error: cannot send/recv
okt. 29, 2020 07:51:06.31 
okt. 29, 2020 07:54:05.58 Can't find symbol 'eglSwapBuffersWithDamageEXT'.
okt. 29, 2020 08:02:27.83 
okt. 29, 2020 08:02:27.83 ###!!! [Child][RunMessage] Error: Channel closing: too late to send/recv, messages will be lost
okt. 29, 2020 08:02:27.83 
okt. 29, 2020 08:02:27.87 
okt. 29, 2020 08:02:27.87 ###!!! [Child][MessageChannel::SendAndWait] Error: Channel error: cannot send/recv
okt. 29, 2020 08:02:27.87 
okt. 29, 2020 08:04:33.14 Can't find symbol 'eglSwapBuffersWithDamageEXT'.
okt. 29, 2020 08:04:49.17 
okt. 29, 2020 08:04:49.17 ###!!! [Child][MessageChannel::SendAndWait] Error: Channel error: cannot send/recv
okt. 29, 2020 08:04:49.17 
okt. 29, 2020 08:05:21.45 Can't find symbol 'eglSwapBuffersWithDamageEXT'.
okt. 29, 2020 08:08:08.44 
okt. 29, 2020 08:08:08.44 ###!!! [Child][RunMessage] Error: Channel closing: too late to send/recv, messages will be lost
okt. 29, 2020 08:08:08.44 
okt. 29, 2020 08:08:08.48 
okt. 29, 2020 08:08:08.48 ###!!! [Child][MessageChannel::SendAndWait] Error: Channel error: cannot send/recv
okt. 29, 2020 08:08:08.48 
okt. 29, 2020 08:09:45.47 Can't find symbol 'eglSwapBuffersWithDamageEXT'.
okt. 29, 2020 08:13:07.31 
okt. 29, 2020 08:13:07.31 ###!!! [Child][RunMessage] Error: Channel closing: too late to send/recv, messages will be lost
okt. 29, 2020 08:13:07.31 
okt. 29, 2020 08:13:07.35 
okt. 29, 2020 08:13:07.35 ###!!! [Child][MessageChannel::SendAndWait] Error: Channel error: cannot send/recv
okt. 29, 2020 08:13:07.35 
okt. 29, 2020 10:41:48.28 Can't find symbol 'eglSwapBuffersWithDamageEXT'.
okt. 29, 2020 10:41:57.84 
okt. 29, 2020 10:41:57.84 ###!!! [Child][MessageChannel::SendAndWait] Error: Channel error: cannot send/recv
okt. 29, 2020 10:41:57.84 
okt. 29, 2020 11:25:01.38 Can't find symbol 'eglSwapBuffersWithDamageEXT'.
okt. 29, 2020 11:25:09.08 
okt. 29, 2020 11:25:09.08 ###!!! [Child][RunMessage] Error: Channel closing: too late to send/recv, messages will be lost
okt. 29, 2020 11:25:09.08 
okt. 29, 2020 11:25:09.13 
okt. 29, 2020 11:25:09.13 ###!!! [Child][MessageChannel::SendAndWait] Error: Channel error: cannot send/recv
okt. 29, 2020 11:25:09.13 
okt. 29, 2020 11:25:12.90 Can't find symbol 'eglSwapBuffersWithDamageEXT'.
okt. 29, 2020 11:25:23.51 
okt. 29, 2020 11:25:23.51 ###!!! [Parent][MessageChannel] Error: (msgtype=0x1D0011,name=PBackgroundStorage::Msg_Observe) Channel error: cannot send/recv
okt. 29, 2020 11:25:23.51 
okt. 29, 2020 11:25:23.66 
okt. 29, 2020 11:25:23.66 ###!!! [Child][RunMessage] Error: Channel closing: too late to send/recv, messages will be lost
okt. 29, 2020 11:25:23.66 
okt. 29, 2020 11:25:23.69 
okt. 29, 2020 11:25:23.70 ###!!! [Child][MessageChannel::SendAndWait] Error: Channel error: cannot send/recv
okt. 29, 2020 11:25:23.70 
okt. 29, 2020 19:42:09.54 Can't find symbol 'eglSwapBuffersWithDamageEXT'.
okt. 29, 2020 21:07:42.65 
okt. 29, 2020 21:07:42.65 ###!!! [Child][RunMessage] Error: Channel closing: too late to send/recv, messages will be lost
okt. 29, 2020 21:07:42.65 
okt. 29, 2020 21:07:42.69 
okt. 29, 2020 21:07:42.69 ###!!! [Child][MessageChannel::SendAndWait] Error: Channel error: cannot send/recv
okt. 29, 2020 21:07:42.69 
okt. 29, 2020 21:10:54.28 Can't find symbol 'eglSwapBuffersWithDamageEXT'.
okt. 29, 2020 21:10:56.18 
okt. 29, 2020 21:10:56.18 ###!!! [Child][RunMessage] Error: Channel closing: too late to send/recv, messages will be lost
okt. 29, 2020 21:10:56.18 
okt. 29, 2020 21:10:56.21 
okt. 29, 2020 21:10:56.22 ###!!! [Child][MessageChannel::SendAndWait] Error: Channel error: cannot send/recv
okt. 29, 2020 21:10:56.22 
okt. 29, 2020 21:12:35.10 Can't find symbol 'eglSwapBuffersWithDamageEXT'.
okt. 29, 2020 21:12:48.15 
okt. 29, 2020 21:12:48.15 ###!!! [Child][MessageChannel::SendAndWait] Error: Channel error: cannot send/recv
okt. 29, 2020 21:12:48.15 
okt. 29, 2020 21:14:38.48 Can't find symbol 'eglSwapBuffersWithDamageEXT'.
okt. 29, 2020 21:14:40.05 
okt. 29, 2020 21:14:40.05 ###!!! [Child][MessageChannel::SendAndWait] Error: Channel error: cannot send/recv
okt. 29, 2020 21:14:40.05 
okt. 29, 2020 21:43:11.20 Can't find symbol 'eglSwapBuffersWithDamageEXT'.
okt. 29, 2020 21:43:14.87 
okt. 29, 2020 21:43:14.87 ###!!! [Child][MessageChannel::SendAndWait] Error: Channel error: cannot send/recv
okt. 29, 2020 21:43:14.87 
okt. 29, 2020 21:43:54.51 Can't find symbol 'eglSwapBuffersWithDamageEXT'.
okt. 29, 2020 21:53:21.72 
okt. 29, 2020 21:53:21.72 ###!!! [Child][RunMessage] Error: Channel closing: too late to send/recv, messages will be lost
okt. 29, 2020 21:53:21.72 
okt. 29, 2020 21:53:21.75 
okt. 29, 2020 21:53:21.75 ###!!! [Child][MessageChannel::SendAndWait] Error: Channel error: cannot send/recv
okt. 29, 2020 21:53:21.75 
okt. 29, 2020 22:01:09.44 Can't find symbol 'eglSwapBuffersWithDamageEXT'.
okt. 29, 2020 22:03:24.56 
okt. 29, 2020 22:03:24.56 ###!!! [Child][RunMessage] Error: Channel closing: too late to send/recv, messages will be lost
okt. 29, 2020 22:03:24.56 
okt. 29, 2020 22:03:24.60 
okt. 29, 2020 22:03:24.60 ###!!! [Child][MessageChannel::SendAndWait] Error: Channel error: cannot send/recv
okt. 29, 2020 22:03:24.60 
okt. 29, 2020 22:04:43.37 Can't find symbol 'eglSwapBuffersWithDamageEXT'.
okt. 29, 2020 22:22:32.31 
okt. 29, 2020 22:22:32.31 ###!!! [Child][MessageChannel::SendAndWait] Error: Channel error: cannot send/recv
okt. 29, 2020 22:22:32.31 
okt. 29, 2020 22:22:48.95 Can't find symbol 'eglSwapBuffersWithDamageEXT'.
okt. 29, 2020 22:23:17.52 
okt. 29, 2020 22:23:17.52 ###!!! [Child][RunMessage] Error: Channel closing: too late to send/recv, messages will be lost
okt. 29, 2020 22:23:17.52 
okt. 29, 2020 22:23:17.56 
okt. 29, 2020 22:23:17.56 ###!!! [Child][MessageChannel::SendAndWait] Error: Channel error: cannot send/recv
okt. 29, 2020 22:23:17.56 
okt. 29, 2020 22:23:47.49 Can't find symbol 'eglSwapBuffersWithDamageEXT'.
okt. 29, 2020 22:23:52.14 
okt. 29, 2020 22:23:52.14 ###!!! [Child][RunMessage] Error: Channel closing: too late to send/recv, messages will be lost
okt. 29, 2020 22:23:52.14 
okt. 29, 2020 22:23:52.23 
okt. 29, 2020 22:23:52.23 ###!!! [Child][MessageChannel::SendAndWait] Error: Channel error: cannot send/recv
okt. 29, 2020 22:23:52.23 
okt. 29, 2020 22:24:14.94 Can't find symbol 'eglSwapBuffersWithDamageEXT'.
okt. 29, 2020 22:24:15.96 [Parent 12268, Gecko_IOThread] WARNING: pipe error: 232: file /builds/worker/checkouts/gecko/ipc/chromium/src/chrome/common/ipc_channel_win.cc, line 545
okt. 29, 2020 22:24:16.17 
okt. 29, 2020 22:24:16.17 ###!!! [Child][MessageChannel::SendAndWait] Error: Channel error: cannot send/recv
okt. 29, 2020 22:24:16.17 
okt. 29, 2020 22:24:42.57 Can't find symbol 'eglSwapBuffersWithDamageEXT'.
okt. 29, 2020 22:25:07.62 
okt. 29, 2020 22:25:07.62 ###!!! [Child][RunMessage] Error: Channel closing: too late to send/recv, messages will be lost
okt. 29, 2020 22:25:07.62 
okt. 29, 2020 22:25:07.66 
okt. 29, 2020 22:25:07.66 ###!!! [Child][MessageChannel::SendAndWait] Error: Channel error: cannot send/recv
okt. 29, 2020 22:25:07.66 
okt. 29, 2020 22:25:48.24 Can't find symbol 'eglSwapBuffersWithDamageEXT'.
okt. 29, 2020 22:29:17.05 
okt. 29, 2020 22:29:17.05 ###!!! [Child][RunMessage] Error: Channel closing: too late to send/recv, messages will be lost
okt. 29, 2020 22:29:17.05 
okt. 29, 2020 22:29:17.09 
okt. 29, 2020 22:29:17.09 ###!!! [Child][MessageChannel::SendAndWait] Error: Channel error: cannot send/recv
okt. 29, 2020 22:29:17.09 
okt. 29, 2020 23:00:08.08 Can't find symbol 'eglSwapBuffersWithDamageEXT'.
okt. 29, 2020 23:00:13.13 
okt. 29, 2020 23:00:13.13 ###!!! [Child][RunMessage] Error: Channel closing: too late to send/recv, messages will be lost
okt. 29, 2020 23:00:13.13 
okt. 29, 2020 23:00:13.18 
okt. 29, 2020 23:00:13.18 ###!!! [Child][MessageChannel::SendAndWait] Error: Channel error: cannot send/recv
okt. 29, 2020 23:00:13.18 
okt. 29, 2020 23:10:14.90 Can't find symbol 'eglSwapBuffersWithDamageEXT'.
okt. 29, 2020 23:10:21.08 
okt. 29, 2020 23:10:21.08 ###!!! [Child][MessageChannel::SendAndWait] Error: Channel error: cannot send/recv
okt. 29, 2020 23:10:21.08 
okt. 29, 2020 23:12:48.70 Can't find symbol 'eglSwapBuffersWithDamageEXT'.
okt. 29, 2020 23:12:55.36 
okt. 29, 2020 23:12:55.37 ###!!! [Child][MessageChannel::SendAndWait] Error: Channel error: cannot send/recv
okt. 29, 2020 23:12:55.37 
okt. 29, 2020 23:14:16.03 Can't find symbol 'eglSwapBuffersWithDamageEXT'.
okt. 29, 2020 23:15:07.99 
okt. 29, 2020 23:15:08.00 ###!!! [Child][RunMessage] Error: Channel closing: too late to send/recv, messages will be lost
okt. 29, 2020 23:15:08.00 
okt. 29, 2020 23:15:08.04 
okt. 29, 2020 23:15:08.04 ###!!! [Child][MessageChannel::SendAndWait] Error: Channel error: cannot send/recv
okt. 29, 2020 23:15:08.04 
okt. 29, 2020 23:18:24.41 Can't find symbol 'eglSwapBuffersWithDamageEXT'.
okt. 29, 2020 23:20:28.45 
okt. 29, 2020 23:20:28.45 ###!!! [Child][MessageChannel::SendAndWait] Error: Channel error: cannot send/recv
okt. 29, 2020 23:20:28.45 
okt. 29, 2020 23:20:34.13 Can't find symbol 'eglSwapBuffersWithDamageEXT'.
okt. 29, 2020 23:22:01.88 
okt. 29, 2020 23:22:01.88 ###!!! [Child][MessageChannel::SendAndWait] Error: Channel error: cannot send/recv
okt. 29, 2020 23:22:01.88 
okt. 29, 2020 23:23:07.79 Can't find symbol 'eglSwapBuffersWithDamageEXT'.
okt. 29, 2020 23:23:32.32 
okt. 29, 2020 23:23:32.32 ###!!! [Child][MessageChannel::SendAndWait] Error: Channel error: cannot send/recv
okt. 29, 2020 23:23:32.32 
okt. 29, 2020 23:23:39.14 Can't find symbol 'eglSwapBuffersWithDamageEXT'.
okt. 29, 2020 23:23:45.75 
okt. 29, 2020 23:23:45.75 ###!!! [Child][RunMessage] Error: Channel closing: too late to send/recv, messages will be lost
okt. 29, 2020 23:23:45.75 
okt. 29, 2020 23:23:45.79 
okt. 29, 2020 23:23:45.79 ###!!! [Child][MessageChannel::SendAndWait] Error: Channel error: cannot send/recv
okt. 29, 2020 23:23:45.79 
okt. 30, 2020 08:39:46.89 Can't find symbol 'eglSwapBuffersWithDamageEXT'.
okt. 30, 2020 08:39:56.31 
okt. 30, 2020 08:39:56.31 ###!!! [Child][RunMessage] Error: Channel closing: too late to send/recv, messages will be lost
okt. 30, 2020 08:39:56.31 
okt. 30, 2020 08:39:56.35 
okt. 30, 2020 08:39:56.35 ###!!! [Child][MessageChannel::SendAndWait] Error: Channel error: cannot send/recv
okt. 30, 2020 08:39:56.36 
okt. 30, 2020 11:38:17.69 Can't find symbol 'eglSwapBuffersWithDamageEXT'.
okt. 30, 2020 11:39:08.76 
okt. 30, 2020 11:39:08.76 ###!!! [Child][MessageChannel::SendAndWait] Error: Channel error: cannot send/recv
okt. 30, 2020 11:39:08.76 
okt. 30, 2020 11:40:05.16 Can't find symbol 'eglSwapBuffersWithDamageEXT'.
okt. 30, 2020 11:48:02.41 
okt. 30, 2020 11:48:02.41 ###!!! [Child][RunMessage] Error: Channel closing: too late to send/recv, messages will be lost
okt. 30, 2020 11:48:02.41 
okt. 30, 2020 11:48:02.45 
okt. 30, 2020 11:48:02.45 ###!!! [Child][MessageChannel::SendAndWait] Error: Channel error: cannot send/recv
okt. 30, 2020 11:48:02.45 
okt. 30, 2020 22:23:46.64 Can't find symbol 'eglSwapBuffersWithDamageEXT'.
okt. 30, 2020 22:24:35.71 
okt. 30, 2020 22:24:35.71 ###!!! [Child][RunMessage] Error: Channel closing: too late to send/recv, messages will be lost
okt. 30, 2020 22:24:35.71 
okt. 30, 2020 22:24:35.83 
okt. 30, 2020 22:24:35.83 ###!!! [Child][MessageChannel::SendAndWait] Error: Channel error: cannot send/recv
okt. 30, 2020 22:24:35.83 
okt. 30, 2020 22:26:09.56 Can't find symbol 'eglSwapBuffersWithDamageEXT'.
okt. 30, 2020 22:26:48.42 
okt. 30, 2020 22:26:48.42 ###!!! [Child][MessageChannel::SendAndWait] Error: Channel error: cannot send/recv
okt. 30, 2020 22:26:48.42 
okt. 30, 2020 22:26:53.35 Can't find symbol 'eglSwapBuffersWithDamageEXT'.
okt. 30, 2020 22:27:15.88 
okt. 30, 2020 22:27:15.88 ###!!! [Child][RunMessage] Error: Channel closing: too late to send/recv, messages will be lost
okt. 30, 2020 22:27:15.88 
okt. 30, 2020 22:27:15.92 
okt. 30, 2020 22:27:15.92 ###!!! [Child][MessageChannel::SendAndWait] Error: Channel error: cannot send/recv
okt. 30, 2020 22:27:15.92 
okt. 30, 2020 22:28:20.46 Can't find symbol 'eglSwapBuffersWithDamageEXT'.
okt. 30, 2020 22:29:37.19 
okt. 30, 2020 22:29:37.19 ###!!! [Child][RunMessage] Error: Channel closing: too late to send/recv, messages will be lost
okt. 30, 2020 22:29:37.19 
okt. 30, 2020 22:29:37.23 
okt. 30, 2020 22:29:37.23 ###!!! [Child][MessageChannel::SendAndWait] Error: Channel error: cannot send/recv
okt. 30, 2020 22:29:37.23 
okt. 30, 2020 23:00:01.38 Can't find symbol 'eglSwapBuffersWithDamageEXT'.
okt. 30, 2020 23:00:05.59 
okt. 30, 2020 23:00:05.60 ###!!! [Child][RunMessage] Error: Channel closing: too late to send/recv, messages will be lost
okt. 30, 2020 23:00:05.60 
okt. 30, 2020 23:00:05.63 
okt. 30, 2020 23:00:05.63 ###!!! [Child][MessageChannel::SendAndWait] Error: Channel error: cannot send/recv
okt. 30, 2020 23:00:05.63 
okt. 30, 2020 23:00:51.95 Can't find symbol 'eglSwapBuffersWithDamageEXT'.
okt. 30, 2020 23:01:02.89 
okt. 30, 2020 23:01:02.89 ###!!! [Child][MessageChannel::SendAndWait] Error: Channel error: cannot send/recv
okt. 30, 2020 23:01:02.89 
okt. 30, 2020 23:01:33.02 Can't find symbol 'eglSwapBuffersWithDamageEXT'.
okt. 30, 2020 23:01:42.29 
okt. 30, 2020 23:01:42.29 ###!!! [Child][MessageChannel::SendAndWait] Error: Channel error: cannot send/recv
okt. 30, 2020 23:01:42.29 
okt. 30, 2020 23:02:43.08 Can't find symbol 'eglSwapBuffersWithDamageEXT'.
okt. 30, 2020 23:02:55.75 
okt. 30, 2020 23:02:55.75 ###!!! [Child][RunMessage] Error: Channel closing: too late to send/recv, messages will be lost
okt. 30, 2020 23:02:55.75 
okt. 30, 2020 23:02:55.79 
okt. 30, 2020 23:02:55.79 ###!!! [Child][MessageChannel::SendAndWait] Error: Channel error: cannot send/recv
okt. 30, 2020 23:02:55.79 
okt. 30, 2020 23:06:05.61 Can't find symbol 'eglSwapBuffersWithDamageEXT'.
okt. 30, 2020 23:06:17.11 
okt. 30, 2020 23:06:17.11 ###!!! [Child][MessageChannel::SendAndWait] Error: Channel error: cannot send/recv
okt. 30, 2020 23:06:17.11 
okt. 30, 2020 23:09:22.06 Can't find symbol 'eglSwapBuffersWithDamageEXT'.
okt. 30, 2020 23:09:37.44 
okt. 30, 2020 23:09:37.44 ###!!! [Child][RunMessage] Error: Channel closing: too late to send/recv, messages will be lost
okt. 30, 2020 23:09:37.44 
okt. 30, 2020 23:09:37.48 
okt. 30, 2020 23:09:37.48 ###!!! [Child][MessageChannel::SendAndWait] Error: Channel error: cannot send/recv
okt. 30, 2020 23:09:37.48 
okt. 30, 2020 23:10:45.17 Can't find symbol 'eglSwapBuffersWithDamageEXT'.
okt. 30, 2020 23:11:04.54 
okt. 30, 2020 23:11:04.54 ###!!! [Child][MessageChannel::SendAndWait] Error: Channel error: cannot send/recv
okt. 30, 2020 23:11:04.54 
okt. 30, 2020 23:11:55.82 Can't find symbol 'eglSwapBuffersWithDamageEXT'.
okt. 30, 2020 23:12:11.00 
okt. 30, 2020 23:12:11.01 ###!!! [Child][MessageChannel::SendAndWait] Error: Channel error: cannot send/recv
okt. 30, 2020 23:12:11.01 
okt. 30, 2020 23:23:22.82 Can't find symbol 'eglSwapBuffersWithDamageEXT'.
okt. 30, 2020 23:23:32.15 
okt. 30, 2020 23:23:32.15 ###!!! [Child][MessageChannel::SendAndWait] Error: Channel error: cannot send/recv
okt. 30, 2020 23:23:32.15 
okt. 30, 2020 23:35:14.14 Can't find symbol 'eglSwapBuffersWithDamageEXT'.
okt. 30, 2020 23:35:25.52 
okt. 30, 2020 23:35:25.52 ###!!! [Child][MessageChannel::SendAndWait] Error: Channel error: cannot send/recv
okt. 30, 2020 23:35:25.52 
okt. 30, 2020 23:37:19.98 Can't find symbol 'eglSwapBuffersWithDamageEXT'.
okt. 30, 2020 23:37:35.77 
okt. 30, 2020 23:37:35.77 ###!!! [Child][MessageChannel::SendAndWait] Error: Channel error: cannot send/recv
okt. 30, 2020 23:37:35.77 
okt. 30, 2020 23:38:30.14 Can't find symbol 'eglSwapBuffersWithDamageEXT'.
okt. 30, 2020 23:38:52.18 
okt. 30, 2020 23:38:52.18 ###!!! [Child][MessageChannel::SendAndWait] Error: Channel error: cannot send/recv
okt. 30, 2020 23:38:52.18 
okt. 30, 2020 23:39:34.77 Can't find symbol 'eglSwapBuffersWithDamageEXT'.
okt. 30, 2020 23:39:49.23 
okt. 30, 2020 23:39:49.23 ###!!! [Child][MessageChannel::SendAndWait] Error: Channel error: cannot send/recv
okt. 30, 2020 23:39:49.23 
okt. 30, 2020 23:40:26.98 Can't find symbol 'eglSwapBuffersWithDamageEXT'.
okt. 30, 2020 23:40:37.13 
okt. 30, 2020 23:40:37.13 ###!!! [Child][RunMessage] Error: Channel closing: too late to send/recv, messages will be lost
okt. 30, 2020 23:40:37.13 
okt. 30, 2020 23:40:37.17 
okt. 30, 2020 23:40:37.17 ###!!! [Child][MessageChannel::SendAndWait] Error: Channel error: cannot send/recv
okt. 30, 2020 23:40:37.17 
okt. 30, 2020 23:40:53.28 Can't find symbol 'eglSwapBuffersWithDamageEXT'.
okt. 30, 2020 23:41:11.19 
okt. 30, 2020 23:41:11.19 ###!!! [Child][RunMessage] Error: Channel closing: too late to send/recv, messages will be lost
okt. 30, 2020 23:41:11.19 
okt. 30, 2020 23:41:11.23 
okt. 30, 2020 23:41:11.23 ###!!! [Child][MessageChannel::SendAndWait] Error: Channel error: cannot send/recv
okt. 30, 2020 23:41:11.23 
okt. 30, 2020 23:41:16.49 Can't find symbol 'eglSwapBuffersWithDamageEXT'.
okt. 30, 2020 23:41:22.32 
okt. 30, 2020 23:41:22.32 ###!!! [Child][RunMessage] Error: Channel closing: too late to send/recv, messages will be lost
okt. 30, 2020 23:41:22.32 
okt. 30, 2020 23:41:22.36 
okt. 30, 2020 23:41:22.36 ###!!! [Child][MessageChannel::SendAndWait] Error: Channel error: cannot send/recv
okt. 30, 2020 23:41:22.36 
okt. 30, 2020 23:42:17.91 Can't find symbol 'eglSwapBuffersWithDamageEXT'.
okt. 30, 2020 23:42:24.67 
okt. 30, 2020 23:42:24.67 ###!!! [Child][RunMessage] Error: Channel closing: too late to send/recv, messages will be lost
okt. 30, 2020 23:42:24.67 
okt. 30, 2020 23:42:24.70 
okt. 30, 2020 23:42:24.70 ###!!! [Child][MessageChannel::SendAndWait] Error: Channel error: cannot send/recv
okt. 30, 2020 23:42:24.70 
okt. 30, 2020 23:44:05.53 Can't find symbol 'eglSwapBuffersWithDamageEXT'.
okt. 30, 2020 23:44:08.21 
okt. 30, 2020 23:44:08.21 ###!!! [Child][RunMessage] Error: Channel closing: too late to send/recv, messages will be lost
okt. 30, 2020 23:44:08.21 
okt. 30, 2020 23:44:08.25 
okt. 30, 2020 23:44:08.25 ###!!! [Child][MessageChannel::SendAndWait] Error: Channel error: cannot send/recv
okt. 30, 2020 23:44:08.25 
okt. 30, 2020 23:44:33.15 Can't find symbol 'eglSwapBuffersWithDamageEXT'.
okt. 30, 2020 23:44:36.11 
okt. 30, 2020 23:44:36.11 ###!!! [Child][RunMessage] Error: Channel closing: too late to send/recv, messages will be lost
okt. 30, 2020 23:44:36.11 
okt. 30, 2020 23:44:36.15 
okt. 30, 2020 23:44:36.15 ###!!! [Child][MessageChannel::SendAndWait] Error: Channel error: cannot send/recv
okt. 30, 2020 23:44:36.15 
nov. 01, 2020 23:40:14.29 Can't find symbol 'eglSwapBuffersWithDamageEXT'.
nov. 01, 2020 23:40:24.34 
nov. 01, 2020 23:40:24.34 ###!!! [Child][MessageChannel::SendAndWait] Error: Channel error: cannot send/recv
nov. 01, 2020 23:40:24.34 
nov. 01, 2020 23:40:29.92 Can't find symbol 'eglSwapBuffersWithDamageEXT'.
nov. 01, 2020 23:40:36.41 
nov. 01, 2020 23:40:36.41 ###!!! [Child][MessageChannel::SendAndWait] Error: Channel error: cannot send/recv
nov. 01, 2020 23:40:36.41 
nov. 02, 2020 09:05:01.41 Can't find symbol 'eglSwapBuffersWithDamageEXT'.
nov. 02, 2020 09:05:09.00 
nov. 02, 2020 09:05:09.00 ###!!! [Child][RunMessage] Error: Channel closing: too late to send/recv, messages will be lost
nov. 02, 2020 09:05:09.00 
nov. 02, 2020 09:05:09.04 
nov. 02, 2020 09:05:09.04 ###!!! [Child][MessageChannel::SendAndWait] Error: Channel error: cannot send/recv
nov. 02, 2020 09:05:09.04 
nov. 02, 2020 09:08:23.94 Can't find symbol 'eglSwapBuffersWithDamageEXT'.
nov. 02, 2020 09:08:31.83 
nov. 02, 2020 09:08:31.83 ###!!! [Child][MessageChannel::SendAndWait] Error: Channel error: cannot send/recv
nov. 02, 2020 09:08:31.83 
nov. 02, 2020 09:37:39.27 Can't find symbol 'eglSwapBuffersWithDamageEXT'.
nov. 02, 2020 09:37:50.90 
nov. 02, 2020 09:37:50.90 ###!!! [Child][MessageChannel::SendAndWait] Error: Channel error: cannot send/recv
nov. 02, 2020 09:37:50.90 
nov. 02, 2020 09:38:27.60 Can't find symbol 'eglSwapBuffersWithDamageEXT'.
nov. 02, 2020 09:38:33.89 
nov. 02, 2020 09:38:33.89 ###!!! [Child][RunMessage] Error: Channel closing: too late to send/recv, messages will be lost
nov. 02, 2020 09:38:33.89 
nov. 02, 2020 09:38:33.93 
nov. 02, 2020 09:38:33.93 ###!!! [Child][MessageChannel::SendAndWait] Error: Channel error: cannot send/recv
nov. 02, 2020 09:38:33.93 
nov. 02, 2020 09:38:56.35 Can't find symbol 'eglSwapBuffersWithDamageEXT'.
nov. 02, 2020 09:39:02.16 
nov. 02, 2020 09:39:02.16 ###!!! [Child][RunMessage] Error: Channel closing: too late to send/recv, messages will be lost
nov. 02, 2020 09:39:02.16 
nov. 02, 2020 09:39:02.25 
nov. 02, 2020 09:39:02.25 ###!!! [Child][MessageChannel::SendAndWait] Error: Channel error: cannot send/recv
nov. 02, 2020 09:39:02.25 
nov. 02, 2020 09:41:05.96 Can't find symbol 'eglSwapBuffersWithDamageEXT'.
nov. 02, 2020 09:41:15.12 
nov. 02, 2020 09:41:15.12 ###!!! [Child][RunMessage] Error: Channel closing: too late to send/recv, messages will be lost
nov. 02, 2020 09:41:15.12 
nov. 02, 2020 09:41:15.15 
nov. 02, 2020 09:41:15.16 ###!!! [Child][MessageChannel::SendAndWait] Error: Channel error: cannot send/recv
nov. 02, 2020 09:41:15.16 
nov. 03, 2020 22:34:16.45 Can't find symbol 'eglSwapBuffersWithDamageEXT'.
nov. 03, 2020 22:34:20.52 [Parent 8900, Gecko_IOThread] WARNING: file /builds/worker/checkouts/gecko/ipc/chromium/src/base/process_util_win.cc, line 166
nov. 03, 2020 22:34:20.64 
nov. 03, 2020 22:34:20.64 ###!!! [Child][RunMessage] Error: Channel closing: too late to send/recv, messages will be lost
nov. 03, 2020 22:34:20.64 
nov. 03, 2020 22:34:20.68 
nov. 03, 2020 22:34:20.68 ###!!! [Child][MessageChannel::SendAndWait] Error: Channel error: cannot send/recv
nov. 03, 2020 22:34:20.68 
nov. 03, 2020 23:13:54.06 Can't find symbol 'eglSwapBuffersWithDamageEXT'.
nov. 03, 2020 23:13:55.99 
nov. 03, 2020 23:13:55.99 ###!!! [Child][RunMessage] Error: Channel closing: too late to send/recv, messages will be lost
nov. 03, 2020 23:13:55.99 
nov. 03, 2020 23:13:56.03 
nov. 03, 2020 23:13:56.03 ###!!! [Child][MessageChannel::SendAndWait] Error: Channel error: cannot send/recv
nov. 03, 2020 23:13:56.03 
nov. 03, 2020 23:16:05.47 Can't find symbol 'eglSwapBuffersWithDamageEXT'.
nov. 03, 2020 23:16:13.60 
nov. 03, 2020 23:16:13.60 ###!!! [Child][RunMessage] Error: Channel closing: too late to send/recv, messages will be lost
nov. 03, 2020 23:16:13.60 
nov. 03, 2020 23:16:13.63 
nov. 03, 2020 23:16:13.63 ###!!! [Child][MessageChannel::SendAndWait] Error: Channel error: cannot send/recv
nov. 03, 2020 23:16:13.63 
nov. 03, 2020 23:17:22.52 Can't find symbol 'eglSwapBuffersWithDamageEXT'.
nov. 03, 2020 23:17:25.79 
nov. 03, 2020 23:17:25.79 ###!!! [Child][MessageChannel::SendAndWait] Error: Channel error: cannot send/recv
nov. 03, 2020 23:17:25.79 
nov. 03, 2020 23:18:09.30 Can't find symbol 'eglSwapBuffersWithDamageEXT'.
nov. 03, 2020 23:18:11.58 
nov. 03, 2020 23:18:11.58 ###!!! [Child][MessageChannel::SendAndWait] Error: Channel error: cannot send/recv
nov. 03, 2020 23:18:11.58 
nov. 03, 2020 23:20:32.75 Can't find symbol 'eglSwapBuffersWithDamageEXT'.
nov. 03, 2020 23:21:47.64 
nov. 03, 2020 23:21:47.64 ###!!! [Child][RunMessage] Error: Channel closing: too late to send/recv, messages will be lost
nov. 03, 2020 23:21:47.64 
nov. 03, 2020 23:21:47.68 
nov. 03, 2020 23:21:47.68 ###!!! [Child][MessageChannel::SendAndWait] Error: Channel error: cannot send/recv
nov. 03, 2020 23:21:47.68 
nov. 03, 2020 23:21:57.90 Can't find symbol 'eglSwapBuffersWithDamageEXT'.
nov. 03, 2020 23:21:59.77 
nov. 03, 2020 23:21:59.77 ###!!! [Child][MessageChannel::SendAndWait] Error: Channel error: cannot send/recv
nov. 03, 2020 23:21:59.77 
nov. 03, 2020 23:22:28.69 Can't find symbol 'eglSwapBuffersWithDamageEXT'.
nov. 03, 2020 23:22:34.55 
nov. 03, 2020 23:22:34.55 ###!!! [Child][RunMessage] Error: Channel closing: too late to send/recv, messages will be lost
nov. 03, 2020 23:22:34.55 
nov. 03, 2020 23:22:34.59 
nov. 03, 2020 23:22:34.59 ###!!! [Child][MessageChannel::SendAndWait] Error: Channel error: cannot send/recv
nov. 03, 2020 23:22:34.59 
nov. 03, 2020 23:45:30.23 Can't find symbol 'eglSwapBuffersWithDamageEXT'.
nov. 03, 2020 23:45:35.07 
nov. 03, 2020 23:45:35.08 ###!!! [Child][RunMessage] Error: Channel closing: too late to send/recv, messages will be lost
nov. 03, 2020 23:45:35.08 
nov. 03, 2020 23:45:35.12 
nov. 03, 2020 23:45:35.12 ###!!! [Child][MessageChannel::SendAndWait] Error: Channel error: cannot send/recv
nov. 03, 2020 23:45:35.12 
nov. 03, 2020 23:46:42.33 Can't find symbol 'eglSwapBuffersWithDamageEXT'.
nov. 03, 2020 23:46:50.60 
nov. 03, 2020 23:46:50.60 ###!!! [Child][MessageChannel::SendAndWait] Error: Channel error: cannot send/recv
nov. 03, 2020 23:46:50.61 
nov. 03, 2020 23:47:23.12 Can't find symbol 'eglSwapBuffersWithDamageEXT'.
nov. 03, 2020 23:47:30.60 
nov. 03, 2020 23:47:30.60 ###!!! [Child][RunMessage] Error: Channel closing: too late to send/recv, messages will be lost
nov. 03, 2020 23:47:30.60 
nov. 03, 2020 23:47:30.63 
nov. 03, 2020 23:47:30.63 ###!!! [Child][MessageChannel::SendAndWait] Error: Channel error: cannot send/recv
nov. 03, 2020 23:47:30.63 
nov. 03, 2020 23:47:38.26 Can't find symbol 'eglSwapBuffersWithDamageEXT'.
nov. 03, 2020 23:49:18.72 
nov. 03, 2020 23:49:18.72 ###!!! [Child][RunMessage] Error: Channel closing: too late to send/recv, messages will be lost
nov. 03, 2020 23:49:18.72 
nov. 03, 2020 23:49:18.76 
nov. 03, 2020 23:49:18.76 ###!!! [Child][MessageChannel::SendAndWait] Error: Channel error: cannot send/recv
nov. 03, 2020 23:49:18.76 
nov. 03, 2020 23:50:16.54 Can't find symbol 'eglSwapBuffersWithDamageEXT'.
nov. 03, 2020 23:51:34.14 
nov. 03, 2020 23:51:34.14 ###!!! [Child][RunMessage] Error: Channel closing: too late to send/recv, messages will be lost
nov. 03, 2020 23:51:34.14 
nov. 03, 2020 23:51:34.19 
nov. 03, 2020 23:51:34.19 ###!!! [Child][MessageChannel::SendAndWait] Error: Channel error: cannot send/recv
nov. 03, 2020 23:51:34.19 
nov. 03, 2020 23:52:02.70 Can't find symbol 'eglSwapBuffersWithDamageEXT'.
nov. 03, 2020 23:52:08.29 [Parent 17960, Gecko_IOThread] WARNING: file /builds/worker/checkouts/gecko/ipc/chromium/src/base/process_util_win.cc, line 166
nov. 03, 2020 23:52:08.46 
nov. 03, 2020 23:52:08.46 ###!!! [Child][MessageChannel::SendAndWait] Error: Channel error: cannot send/recv
nov. 03, 2020 23:52:08.46 
nov. 04, 2020 20:20:58.43 Can't find symbol 'eglSwapBuffersWithDamageEXT'.
nov. 04, 2020 20:21:03.37 
nov. 04, 2020 20:21:03.37 ###!!! [Child][RunMessage] Error: Channel closing: too late to send/recv, messages will be lost
nov. 04, 2020 20:21:03.37 
nov. 04, 2020 20:21:03.41 
nov. 04, 2020 20:21:03.41 ###!!! [Child][MessageChannel::SendAndWait] Error: Channel error: cannot send/recv
nov. 04, 2020 20:21:03.41 

nov. 04, 2020 20:24:24.33 NEW SESSION
nov. 04, 2020 20:24:24.33 Can't find symbol 'eglSwapBuffersWithDamageEXT'.
nov. 04, 2020 20:24:35.66 
nov. 04, 2020 20:24:35.66 ###!!! [Child][RunMessage] Error: Channel closing: too late to send/recv, messages will be lost
nov. 04, 2020 20:24:35.66 
nov. 04, 2020 20:24:35.69 
nov. 04, 2020 20:24:35.69 ###!!! [Child][MessageChannel::SendAndWait] Error: Channel error: cannot send/recv
nov. 04, 2020 20:24:35.69 
nov. 04, 2020 20:25:30.58 Can't find symbol 'eglSwapBuffersWithDamageEXT'.
nov. 04, 2020 20:25:38.76 
nov. 04, 2020 20:25:38.76 ###!!! [Child][RunMessage] Error: Channel closing: too late to send/recv, messages will be lost
nov. 04, 2020 20:25:38.76 
nov. 04, 2020 20:25:38.79 
nov. 04, 2020 20:25:38.79 ###!!! [Child][MessageChannel::SendAndWait] Error: Channel error: cannot send/recv
nov. 04, 2020 20:25:38.79 
nov. 04, 2020 20:26:46.99 Can't find symbol 'eglSwapBuffersWithDamageEXT'.
nov. 04, 2020 20:26:51.59 
nov. 04, 2020 20:26:51.59 ###!!! [Child][RunMessage] Error: Channel closing: too late to send/recv, messages will be lost
nov. 04, 2020 20:26:51.59 
nov. 04, 2020 20:26:51.64 
nov. 04, 2020 20:26:51.64 ###!!! [Child][MessageChannel::SendAndWait] Error: Channel error: cannot send/recv
nov. 04, 2020 20:26:51.64 
nov. 04, 2020 20:29:11.46 Can't find symbol 'eglSwapBuffersWithDamageEXT'.
nov. 04, 2020 20:29:14.34 [Parent 23804, Gecko_IOThread] WARNING: file /builds/worker/checkouts/gecko/ipc/chromium/src/base/process_util_win.cc, line 166
nov. 04, 2020 20:29:14.47 
nov. 04, 2020 20:29:14.47 ###!!! [Child][RunMessage] Error: Channel closing: too late to send/recv, messages will be lost
nov. 04, 2020 20:29:14.47 
nov. 04, 2020 20:29:14.51 
nov. 04, 2020 20:29:14.51 ###!!! [Child][MessageChannel::SendAndWait] Error: Channel error: cannot send/recv
nov. 04, 2020 20:29:14.51 
nov. 04, 2020 20:31:38.62 Can't find symbol 'eglSwapBuffersWithDamageEXT'.
nov. 04, 2020 20:31:40.88 
nov. 04, 2020 20:31:40.88 ###!!! [Child][RunMessage] Error: Channel closing: too late to send/recv, messages will be lost
nov. 04, 2020 20:31:40.88 
nov. 04, 2020 20:31:40.93 
nov. 04, 2020 20:31:40.93 ###!!! [Child][MessageChannel::SendAndWait] Error: Channel error: cannot send/recv
nov. 04, 2020 20:31:40.93 
nov. 04, 2020 20:32:24.11 Can't find symbol 'eglSwapBuffersWithDamageEXT'.
nov. 04, 2020 20:32:27.57 
nov. 04, 2020 20:32:27.57 ###!!! [Child][MessageChannel::SendAndWait] Error: Channel error: cannot send/recv
nov. 04, 2020 20:32:27.57 
nov. 04, 2020 20:34:27.88 Can't find symbol 'eglSwapBuffersWithDamageEXT'.
nov. 04, 2020 20:34:36.76 
nov. 04, 2020 20:34:36.76 ###!!! [Child][RunMessage] Error: Channel closing: too late to send/recv, messages will be lost
nov. 04, 2020 20:34:36.76 
nov. 04, 2020 20:34:36.81 
nov. 04, 2020 20:34:36.81 ###!!! [Child][MessageChannel::SendAndWait] Error: Channel error: cannot send/recv
nov. 04, 2020 20:34:36.81 
nov. 04, 2020 20:35:38.11 Can't find symbol 'eglSwapBuffersWithDamageEXT'.
nov. 04, 2020 20:35:46.80 
nov. 04, 2020 20:35:46.80 ###!!! [Child][RunMessage] Error: Channel closing: too late to send/recv, messages will be lost
nov. 04, 2020 20:35:46.80 
nov. 04, 2020 20:35:46.83 
nov. 04, 2020 20:35:46.83 ###!!! [Child][MessageChannel::SendAndWait] Error: Channel error: cannot send/recv
nov. 04, 2020 20:35:46.83 
nov. 04, 2020 20:36:08.47 Can't find symbol 'eglSwapBuffersWithDamageEXT'.
nov. 04, 2020 20:36:14.91 
nov. 04, 2020 20:36:14.91 ###!!! [Child][RunMessage] Error: Channel closing: too late to send/recv, messages will be lost
nov. 04, 2020 20:36:14.91 
nov. 04, 2020 20:36:14.96 
nov. 04, 2020 20:36:14.96 ###!!! [Child][MessageChannel::SendAndWait] Error: Channel error: cannot send/recv
nov. 04, 2020 20:36:14.96 
nov. 04, 2020 20:36:24.60 Can't find symbol 'eglSwapBuffersWithDamageEXT'.
nov. 04, 2020 20:36:27.12 
nov. 04, 2020 20:36:27.12 ###!!! [Child][RunMessage] Error: Channel closing: too late to send/recv, messages will be lost
nov. 04, 2020 20:36:27.12 
nov. 04, 2020 20:36:27.17 
nov. 04, 2020 20:36:27.17 ###!!! [Child][MessageChannel::SendAndWait] Error: Channel error: cannot send/recv
nov. 04, 2020 20:36:27.17 
nov. 04, 2020 20:36:53.72 Can't find symbol 'eglSwapBuffersWithDamageEXT'.
nov. 04, 2020 20:37:00.62 
nov. 04, 2020 20:37:00.62 ###!!! [Child][RunMessage] Error: Channel closing: too late to send/recv, messages will be lost
nov. 04, 2020 20:37:00.62 
nov. 04, 2020 20:37:00.65 
nov. 04, 2020 20:37:00.65 ###!!! [Child][MessageChannel::SendAndWait] Error: Channel error: cannot send/recv
nov. 04, 2020 20:37:00.65 
nov. 04, 2020 21:57:03.49 Can't find symbol 'eglSwapBuffersWithDamageEXT'.
nov. 04, 2020 21:57:12.81 
nov. 04, 2020 21:57:12.81 ###!!! [Child][RunMessage] Error: Channel closing: too late to send/recv, messages will be lost
nov. 04, 2020 21:57:12.81 
nov. 04, 2020 21:57:12.86 
nov. 04, 2020 21:57:12.86 ###!!! [Child][MessageChannel::SendAndWait] Error: Channel error: cannot send/recv
nov. 04, 2020 21:57:12.86 
nov. 04, 2020 22:05:35.68 Can't find symbol 'eglSwapBuffersWithDamageEXT'.
nov. 04, 2020 22:06:07.56 
nov. 04, 2020 22:06:07.56 ###!!! [Child][MessageChannel::SendAndWait] Error: Channel error: cannot send/recv
nov. 04, 2020 22:06:07.56 
nov. 04, 2020 22:06:14.39 Can't find symbol 'eglSwapBuffersWithDamageEXT'.
nov. 04, 2020 22:06:51.64 
nov. 04, 2020 22:06:51.64 ###!!! [Child][RunMessage] Error: Channel closing: too late to send/recv, messages will be lost
nov. 04, 2020 22:06:51.64 
nov. 04, 2020 22:06:51.68 
nov. 04, 2020 22:06:51.68 ###!!! [Child][MessageChannel::SendAndWait] Error: Channel error: cannot send/recv
nov. 04, 2020 22:06:51.68 
nov. 04, 2020 22:45:56.76 Can't find symbol 'eglSwapBuffersWithDamageEXT'.
nov. 04, 2020 22:55:07.09 
nov. 04, 2020 22:55:07.09 ###!!! [Child][RunMessage] Error: Channel closing: too late to send/recv, messages will be lost
nov. 04, 2020 22:55:07.09 
nov. 04, 2020 22:55:07.13 
nov. 04, 2020 22:55:07.13 ###!!! [Child][MessageChannel::SendAndWait] Error: Channel error: cannot send/recv
nov. 04, 2020 22:55:07.14 
nov. 04, 2020 22:56:40.18 Can't find symbol 'eglSwapBuffersWithDamageEXT'.
nov. 04, 2020 22:56:55.16 
nov. 04, 2020 22:56:55.16 ###!!! [Child][RunMessage] Error: Channel closing: too late to send/recv, messages will be lost
nov. 04, 2020 22:56:55.16 
nov. 04, 2020 22:56:55.20 
nov. 04, 2020 22:56:55.21 ###!!! [Child][MessageChannel::SendAndWait] Error: Channel error: cannot send/recv
nov. 04, 2020 22:56:55.21 
nov. 04, 2020 23:13:34.13 Can't find symbol 'eglSwapBuffersWithDamageEXT'.
nov. 04, 2020 23:16:26.37 
nov. 04, 2020 23:16:26.37 ###!!! [Child][RunMessage] Error: Channel closing: too late to send/recv, messages will be lost
nov. 04, 2020 23:16:26.37 
nov. 04, 2020 23:16:26.41 
nov. 04, 2020 23:16:26.41 ###!!! [Child][MessageChannel::SendAndWait] Error: Channel error: cannot send/recv
nov. 04, 2020 23:16:26.41 
